# JRE version: OpenJDK Runtime Environment (21.0.4) (build 21.0.4+-12508038-b607.1)
# Java VM: OpenJDK 64-Bit Server VM (21.0.4+-12508038-b607.1, mixed mode, tiered, compressed oops, compressed class ptrs, g1 gc, windows-amd64)
GC Precious Log:
 CardTable entry size: 512
 Card Set container configuration: InlinePtr #cards 5 size 8 Array Of Cards #cards 12 size 40 Howl #buckets 4 coarsen threshold 1843 Howl Bitmap #cards 512 size 80 coarsen threshold 460 Card regions per heap region 1 cards per card region 2048
 CPUs: 8 total, 8 available
 Memory: 7884M
 Large Page Support: Disabled
 NUMA Support: Disabled
 Compressed Oops: Enabled (32-bit)
 Heap Region Size: 1M
 Heap Min Capacity: 8M
 Heap Initial Capacity: 124M
 Heap Max Capacity: 2G
 Pre-touch: Disabled
 Parallel Workers: 8
 Concurrent Workers: 2
 Concurrent Refinement Workers: 8
 Periodic GC: Disabled
Heap:
 garbage-first heap   total 112640K, used 71221K [0x0000000080000000, 0x0000000100000000)
  region size 1024K, 7 young (7168K), 2 survivors (2048K)
 Metaspace       used 67291K, committed 68992K, reserved 1114112K
  class space    used 9072K, committed 9920K, reserved 1048576K
GC Heap History (20 events):
Event: 8.190 GC heap before
{Heap before GC invocations=11 (full 0):
 garbage-first heap   total 68608K, used 58698K [0x0000000080000000, 0x0000000100000000)
  region size 1024K, 28 young (28672K), 3 survivors (3072K)
 Metaspace       used 49698K, committed 51072K, reserved 1114112K
  class space    used 6751K, committed 7424K, reserved 1048576K
}
Event: 8.194 GC heap after
{Heap after GC invocations=12 (full 0):
 garbage-first heap   total 68608K, used 34934K [0x0000000080000000, 0x0000000100000000)
  region size 1024K, 2 young (2048K), 2 survivors (2048K)
 Metaspace       used 49698K, committed 51072K, reserved 1114112K
  class space    used 6751K, committed 7424K, reserved 1048576K
}
Event: 8.711 GC heap before
{Heap before GC invocations=12 (full 0):
 garbage-first heap   total 68608K, used 58486K [0x0000000080000000, 0x0000000100000000)
  region size 1024K, 26 young (26624K), 2 survivors (2048K)
 Metaspace       used 53441K, committed 54848K, reserved 1114112K
  class space    used 7304K, committed 8000K, reserved 1048576K
}
Event: 8.715 GC heap after
{Heap after GC invocations=13 (full 0):
 garbage-first heap   total 68608K, used 36422K [0x0000000080000000, 0x0000000100000000)
  region size 1024K, 4 young (4096K), 4 survivors (4096K)
 Metaspace       used 53441K, committed 54848K, reserved 1114112K
  class space    used 7304K, committed 8000K, reserved 1048576K
}
Event: 9.289 GC heap before
{Heap before GC invocations=14 (full 0):
 garbage-first heap   total 68608K, used 59974K [0x0000000080000000, 0x0000000100000000)
  region size 1024K, 26 young (26624K), 4 survivors (4096K)
 Metaspace       used 56800K, committed 58304K, reserved 1114112K
  class space    used 7764K, committed 8512K, reserved 1048576K
}
Event: 9.295 GC heap after
{Heap after GC invocations=15 (full 0):
 garbage-first heap   total 68608K, used 37345K [0x0000000080000000, 0x0000000100000000)
  region size 1024K, 3 young (3072K), 3 survivors (3072K)
 Metaspace       used 56800K, committed 58304K, reserved 1114112K
  class space    used 7764K, committed 8512K, reserved 1048576K
}
Event: 10.019 GC heap before
{Heap before GC invocations=15 (full 0):
 garbage-first heap   total 68608K, used 59873K [0x0000000080000000, 0x0000000100000000)
  region size 1024K, 26 young (26624K), 3 survivors (3072K)
 Metaspace       used 59401K, committed 60992K, reserved 1114112K
  class space    used 8133K, committed 8896K, reserved 1048576K
}
Event: 10.026 GC heap after
{Heap after GC invocations=16 (full 0):
 garbage-first heap   total 82944K, used 38914K [0x0000000080000000, 0x0000000100000000)
  region size 1024K, 4 young (4096K), 4 survivors (4096K)
 Metaspace       used 59401K, committed 60992K, reserved 1114112K
  class space    used 8133K, committed 8896K, reserved 1048576K
}
Event: 10.696 GC heap before
{Heap before GC invocations=16 (full 0):
 garbage-first heap   total 82944K, used 71682K [0x0000000080000000, 0x0000000100000000)
  region size 1024K, 37 young (37888K), 4 survivors (4096K)
 Metaspace       used 60394K, committed 61952K, reserved 1114112K
  class space    used 8238K, committed 9024K, reserved 1048576K
}
Event: 10.705 GC heap after
{Heap after GC invocations=17 (full 0):
 garbage-first heap   total 82944K, used 44084K [0x0000000080000000, 0x0000000100000000)
  region size 1024K, 5 young (5120K), 5 survivors (5120K)
 Metaspace       used 60394K, committed 61952K, reserved 1114112K
  class space    used 8238K, committed 9024K, reserved 1048576K
}
Event: 10.936 GC heap before
{Heap before GC invocations=17 (full 0):
 garbage-first heap   total 82944K, used 60468K [0x0000000080000000, 0x0000000100000000)
  region size 1024K, 22 young (22528K), 5 survivors (5120K)
 Metaspace       used 60753K, committed 62272K, reserved 1114112K
  class space    used 8275K, committed 9024K, reserved 1048576K
}
Event: 10.943 GC heap after
{Heap after GC invocations=18 (full 0):
 garbage-first heap   total 82944K, used 46258K [0x0000000080000000, 0x0000000100000000)
  region size 1024K, 4 young (4096K), 4 survivors (4096K)
 Metaspace       used 60753K, committed 62272K, reserved 1114112K
  class space    used 8275K, committed 9024K, reserved 1048576K
}
Event: 11.556 GC heap before
{Heap before GC invocations=19 (full 0):
 garbage-first heap   total 82944K, used 81074K [0x0000000080000000, 0x0000000100000000)
  region size 1024K, 26 young (26624K), 4 survivors (4096K)
 Metaspace       used 61881K, committed 63424K, reserved 1114112K
  class space    used 8464K, committed 9216K, reserved 1048576K
}
Event: 11.562 GC heap after
{Heap after GC invocations=20 (full 0):
 garbage-first heap   total 93184K, used 65536K [0x0000000080000000, 0x0000000100000000)
  region size 1024K, 4 young (4096K), 4 survivors (4096K)
 Metaspace       used 61881K, committed 63424K, reserved 1114112K
  class space    used 8464K, committed 9216K, reserved 1048576K
}
Event: 11.812 GC heap before
{Heap before GC invocations=20 (full 0):
 garbage-first heap   total 93184K, used 82944K [0x0000000080000000, 0x0000000100000000)
  region size 1024K, 21 young (21504K), 4 survivors (4096K)
 Metaspace       used 63185K, committed 64832K, reserved 1114112K
  class space    used 8610K, committed 9472K, reserved 1048576K
}
Event: 11.815 GC heap after
{Heap after GC invocations=21 (full 0):
 garbage-first heap   total 93184K, used 66665K [0x0000000080000000, 0x0000000100000000)
  region size 1024K, 2 young (2048K), 2 survivors (2048K)
 Metaspace       used 63185K, committed 64832K, reserved 1114112K
  class space    used 8610K, committed 9472K, reserved 1048576K
}
Event: 12.044 GC heap before
{Heap before GC invocations=21 (full 0):
 garbage-first heap   total 93184K, used 84073K [0x0000000080000000, 0x0000000100000000)
  region size 1024K, 19 young (19456K), 2 survivors (2048K)
 Metaspace       used 64741K, committed 66432K, reserved 1114112K
  class space    used 8820K, committed 9664K, reserved 1048576K
}
Event: 12.047 GC heap after
{Heap after GC invocations=22 (full 0):
 garbage-first heap   total 93184K, used 66677K [0x0000000080000000, 0x0000000100000000)
  region size 1024K, 2 young (2048K), 2 survivors (2048K)
 Metaspace       used 64741K, committed 66432K, reserved 1114112K
  class space    used 8820K, committed 9664K, reserved 1048576K
}
Event: 12.441 GC heap before
{Heap before GC invocations=23 (full 0):
 garbage-first heap   total 112640K, used 83061K [0x0000000080000000, 0x0000000100000000)
  region size 1024K, 19 young (19456K), 2 survivors (2048K)
 Metaspace       used 66526K, committed 68224K, reserved 1114112K
  class space    used 8985K, committed 9856K, reserved 1048576K
}
Event: 12.444 GC heap after
{Heap after GC invocations=24 (full 0):
 garbage-first heap   total 112640K, used 67125K [0x0000000080000000, 0x0000000100000000)
  region size 1024K, 2 young (2048K), 2 survivors (2048K)
 Metaspace       used 66526K, committed 68224K, reserved 1114112K
  class space    used 8985K, committed 9856K, reserved 1048576K
}

