# JRE version: OpenJDK Runtime Environment (21.0.4) (build 21.0.4+-12508038-b607.1)
# Java VM: OpenJDK 64-Bit Server VM (21.0.4+-12508038-b607.1, mixed mode, tiered, compressed oops, compressed class ptrs, g1 gc, windows-amd64)
GC Precious Log:
 CardTable entry size: 512
 Card Set container configuration: InlinePtr #cards 5 size 8 Array Of Cards #cards 12 size 40 Howl #buckets 4 coarsen threshold 1843 Howl Bitmap #cards 512 size 80 coarsen threshold 460 Card regions per heap region 1 cards per card region 2048
 CPUs: 8 total, 8 available
 Memory: 7884M
 Large Page Support: Disabled
 NUMA Support: Disabled
 Compressed Oops: Enabled (32-bit)
 Heap Region Size: 1M
 Heap Min Capacity: 8M
 Heap Initial Capacity: 124M
 Heap Max Capacity: 2G
 Pre-touch: Disabled
 Parallel Workers: 8
 Concurrent Workers: 2
 Concurrent Refinement Workers: 8
 Periodic GC: Disabled
Heap:
 garbage-first heap   total 82944K, used 37491K [0x0000000080000000, 0x0000000100000000)
  region size 1024K, 8 young (8192K), 5 survivors (5120K)
 Metaspace       used 51729K, committed 53184K, reserved 1114112K
  class space    used 7074K, committed 7808K, reserved 1048576K
GC Heap History (20 events):
Event: 0.782 GC heap before
{Heap before GC invocations=0 (full 0):
 garbage-first heap   total 126976K, used 26624K [0x0000000080000000, 0x0000000100000000)
  region size 1024K, 23 young (23552K), 0 survivors (0K)
 Metaspace       used 10821K, committed 10944K, reserved 1114112K
  class space    used 1129K, committed 1216K, reserved 1048576K
}
Event: 0.790 GC heap after
{Heap after GC invocations=1 (full 0):
 garbage-first heap   total 126976K, used 10752K [0x0000000080000000, 0x0000000100000000)
  region size 1024K, 3 young (3072K), 3 survivors (3072K)
 Metaspace       used 10821K, committed 10944K, reserved 1114112K
  class space    used 1129K, committed 1216K, reserved 1048576K
}
Event: 1.417 GC heap before
{Heap before GC invocations=1 (full 0):
 garbage-first heap   total 126976K, used 38400K [0x0000000080000000, 0x0000000100000000)
  region size 1024K, 31 young (31744K), 3 survivors (3072K)
 Metaspace       used 11868K, committed 11968K, reserved 1114112K
  class space    used 1239K, committed 1280K, reserved 1048576K
}
Event: 1.424 GC heap after
{Heap after GC invocations=2 (full 0):
 garbage-first heap   total 126976K, used 11529K [0x0000000080000000, 0x0000000100000000)
  region size 1024K, 1 young (1024K), 1 survivors (1024K)
 Metaspace       used 11868K, committed 11968K, reserved 1114112K
  class space    used 1239K, committed 1280K, reserved 1048576K
}
Event: 3.274 GC heap before
{Heap before GC invocations=2 (full 0):
 garbage-first heap   total 126976K, used 54537K [0x0000000080000000, 0x0000000100000000)
  region size 1024K, 43 young (44032K), 1 survivors (1024K)
 Metaspace       used 21194K, committed 21504K, reserved 1114112K
  class space    used 2444K, committed 2624K, reserved 1048576K
}
Event: 3.283 GC heap after
{Heap after GC invocations=3 (full 0):
 garbage-first heap   total 126976K, used 19882K [0x0000000080000000, 0x0000000100000000)
  region size 1024K, 9 young (9216K), 9 survivors (9216K)
 Metaspace       used 21194K, committed 21504K, reserved 1114112K
  class space    used 2444K, committed 2624K, reserved 1048576K
}
Event: 4.272 GC heap before
{Heap before GC invocations=4 (full 0):
 garbage-first heap   total 68608K, used 50602K [0x0000000080000000, 0x0000000100000000)
  region size 1024K, 40 young (40960K), 9 survivors (9216K)
 Metaspace       used 26782K, committed 27328K, reserved 1114112K
  class space    used 3322K, committed 3584K, reserved 1048576K
}
Event: 4.282 GC heap after
{Heap after GC invocations=5 (full 0):
 garbage-first heap   total 68608K, used 21072K [0x0000000080000000, 0x0000000100000000)
  region size 1024K, 2 young (2048K), 2 survivors (2048K)
 Metaspace       used 26782K, committed 27328K, reserved 1114112K
  class space    used 3322K, committed 3584K, reserved 1048576K
}
Event: 5.401 GC heap before
{Heap before GC invocations=5 (full 0):
 garbage-first heap   total 68608K, used 53840K [0x0000000080000000, 0x0000000100000000)
  region size 1024K, 34 young (34816K), 2 survivors (2048K)
 Metaspace       used 31284K, committed 31936K, reserved 1114112K
  class space    used 4070K, committed 4416K, reserved 1048576K
}
Event: 5.407 GC heap after
{Heap after GC invocations=6 (full 0):
 garbage-first heap   total 68608K, used 23709K [0x0000000080000000, 0x0000000100000000)
  region size 1024K, 5 young (5120K), 5 survivors (5120K)
 Metaspace       used 31284K, committed 31936K, reserved 1114112K
  class space    used 4070K, committed 4416K, reserved 1048576K
}
Event: 6.166 GC heap before
{Heap before GC invocations=6 (full 0):
 garbage-first heap   total 68608K, used 50333K [0x0000000080000000, 0x0000000100000000)
  region size 1024K, 33 young (33792K), 5 survivors (5120K)
 Metaspace       used 35212K, committed 36096K, reserved 1114112K
  class space    used 4742K, committed 5184K, reserved 1048576K
}
Event: 6.172 GC heap after
{Heap after GC invocations=7 (full 0):
 garbage-first heap   total 68608K, used 25321K [0x0000000080000000, 0x0000000100000000)
  region size 1024K, 5 young (5120K), 5 survivors (5120K)
 Metaspace       used 35212K, committed 36096K, reserved 1114112K
  class space    used 4742K, committed 5184K, reserved 1048576K
}
Event: 6.863 GC heap before
{Heap before GC invocations=8 (full 0):
 garbage-first heap   total 68608K, used 57065K [0x0000000080000000, 0x0000000100000000)
  region size 1024K, 37 young (37888K), 5 survivors (5120K)
 Metaspace       used 40112K, committed 41216K, reserved 1114112K
  class space    used 5461K, committed 6016K, reserved 1048576K
}
Event: 6.869 GC heap after
{Heap after GC invocations=9 (full 0):
 garbage-first heap   total 68608K, used 27650K [0x0000000080000000, 0x0000000100000000)
  region size 1024K, 4 young (4096K), 4 survivors (4096K)
 Metaspace       used 40112K, committed 41216K, reserved 1114112K
  class space    used 5461K, committed 6016K, reserved 1048576K
}
Event: 7.325 GC heap before
{Heap before GC invocations=9 (full 0):
 garbage-first heap   total 68608K, used 57346K [0x0000000080000000, 0x0000000100000000)
  region size 1024K, 34 young (34816K), 4 survivors (4096K)
 Metaspace       used 44346K, committed 45440K, reserved 1114112K
  class space    used 5879K, committed 6400K, reserved 1048576K
}
Event: 7.332 GC heap after
{Heap after GC invocations=10 (full 0):
 garbage-first heap   total 68608K, used 30555K [0x0000000080000000, 0x0000000100000000)
  region size 1024K, 5 young (5120K), 5 survivors (5120K)
 Metaspace       used 44346K, committed 45440K, reserved 1114112K
  class space    used 5879K, committed 6400K, reserved 1048576K
}
Event: 7.815 GC heap before
{Heap before GC invocations=10 (full 0):
 garbage-first heap   total 68608K, used 59227K [0x0000000080000000, 0x0000000100000000)
  region size 1024K, 33 young (33792K), 5 survivors (5120K)
 Metaspace       used 46571K, committed 47872K, reserved 1114112K
  class space    used 6229K, committed 6848K, reserved 1048576K
}
Event: 7.821 GC heap after
{Heap after GC invocations=11 (full 0):
 garbage-first heap   total 82944K, used 33380K [0x0000000080000000, 0x0000000100000000)
  region size 1024K, 3 young (3072K), 3 survivors (3072K)
 Metaspace       used 46571K, committed 47872K, reserved 1114112K
  class space    used 6229K, committed 6848K, reserved 1048576K
}
Event: 8.662 GC heap before
{Heap before GC invocations=11 (full 0):
 garbage-first heap   total 82944K, used 69220K [0x0000000080000000, 0x0000000100000000)
  region size 1024K, 38 young (38912K), 3 survivors (3072K)
 Metaspace       used 51260K, committed 52736K, reserved 1114112K
  class space    used 7011K, committed 7744K, reserved 1048576K
}
Event: 8.667 GC heap after
{Heap after GC invocations=12 (full 0):
 garbage-first heap   total 82944K, used 35443K [0x0000000080000000, 0x0000000100000000)
  region size 1024K, 5 young (5120K), 5 survivors (5120K)
 Metaspace       used 51260K, committed 52736K, reserved 1114112K
  class space    used 7011K, committed 7744K, reserved 1048576K
}

